<?xml version="1.0" encoding="UTF-8"?>
<testsuite name="ru.netology.test.MoneyTransferTest" tests="1" skipped="0" failures="0" errors="0" timestamp="2024-03-12T08:52:44" hostname="DESKTOP-DLICFSO" time="7.697">
  <properties/>
  <testcase name="secondToFirstTransferValid()" classname="ru.netology.test.MoneyTransferTest" time="7.697"/>
  <system-out><![CDATA[]]></system-out>
  <system-err><![CDATA[SLF4J: No SLF4J providers were found.
SLF4J: Defaulting to no-operation (NOP) logger implementation
SLF4J: See https://www.slf4j.org/codes.html#noProviders for further details.
мар. 12, 2024 11:52:46 AM org.openqa.selenium.devtools.CdpVersionFinder findNearestMatch
WARNING: Unable to find CDP implementation matching 122
мар. 12, 2024 11:52:47 AM org.openqa.selenium.chromium.ChromiumDriver lambda$new$5
WARNING: Unable to find version of CDP to use for 122.0.6261.111. You may need to include a dependency on a specific version of the CDP using something similar to `org.seleniumhq.selenium:selenium-devtools-v86:4.11.0` where the version ("v86") matches the version of the chromium-based browser you're using and the version number of the artifact is the same as Selenium's.
]]></system-err>
</testsuite>
